1585089530452	mozrunner::runner	INFO	Running command: "/Applications/Firefox.app/Contents/MacOS/firefox-bin" "-marionette" "-foreground" "-no-remote" "-profile" "/var/folders/sd/gc0tjznd70x8zcqmlm5wdk6r0000gn/T/rust_mozprofilenIMtLI"
1585089531912	addons.webextension.doh-rollout@mozilla.org	WARN	Loading extension 'doh-rollout@mozilla.org': Reading manifest: Invalid extension permission: networkStatus
1585089531940	addons.webextension.screenshots@mozilla.org	WARN	Loading extension 'screenshots@mozilla.org': Reading manifest: Invalid extension permission: mozillaAddons
1585089531940	addons.webextension.screenshots@mozilla.org	WARN	Loading extension 'screenshots@mozilla.org': Reading manifest: Invalid extension permission: telemetry
1585089531940	addons.webextension.screenshots@mozilla.org	WARN	Loading extension 'screenshots@mozilla.org': Reading manifest: Invalid extension permission: resource://pdf.js/
1585089531940	addons.webextension.screenshots@mozilla.org	WARN	Loading extension 'screenshots@mozilla.org': Reading manifest: Invalid extension permission: about:reader*
1585089534310	Marionette	INFO	Listening on port 63885
1585089534408	Marionette	WARN	TLS certificate errors will be ignored for this session
JavaScript error: https://ad.crwdcntrl.net/5/c=931/pe=y/callback=JSONProvider_8871630390, line 1: ReferenceError: JSONProvider_8871630390 is not defined
JavaScript error: https://eus.rubiconproject.com/usync.html?&geo=na&co=us, line 12: SecurityError: The operation is insecure.
JavaScript error: https://eus.rubiconproject.com/usync.html?&geo=na&co=us, line 12: SecurityError: The operation is insecure.
1585089633305	mozrunner::runner	INFO	Running command: "/Applications/Firefox.app/Contents/MacOS/firefox-bin" "-marionette" "-foreground" "-no-remote" "-profile" "/var/folders/sd/gc0tjznd70x8zcqmlm5wdk6r0000gn/T/rust_mozprofileKAjBHy"
1585089635311	addons.webextension.doh-rollout@mozilla.org	WARN	Loading extension 'doh-rollout@mozilla.org': Reading manifest: Invalid extension permission: networkStatus
1585089635347	addons.webextension.screenshots@mozilla.org	WARN	Loading extension 'screenshots@mozilla.org': Reading manifest: Invalid extension permission: mozillaAddons
1585089635347	addons.webextension.screenshots@mozilla.org	WARN	Loading extension 'screenshots@mozilla.org': Reading manifest: Invalid extension permission: telemetry
1585089635347	addons.webextension.screenshots@mozilla.org	WARN	Loading extension 'screenshots@mozilla.org': Reading manifest: Invalid extension permission: resource://pdf.js/
1585089635348	addons.webextension.screenshots@mozilla.org	WARN	Loading extension 'screenshots@mozilla.org': Reading manifest: Invalid extension permission: about:reader*
1585089637976	Marionette	INFO	Listening on port 64583
1585089638046	Marionette	WARN	TLS certificate errors will be ignored for this session
JavaScript error: https://ad.crwdcntrl.net/5/c=931/pe=y/callback=JSONProvider_4565105860, line 1: ReferenceError: JSONProvider_4565105860 is not defined
1585177539798	Marionette	INFO	Stopped listening on port 63885
1585177541595	Marionette	INFO	Stopped listening on port 64583
1586128544034	mozrunner::runner	INFO	Running command: "/Applications/Firefox.app/Contents/MacOS/firefox-bin" "-marionette" "--headless" "-foreground" "-no-remote" "-profile" "/var/folders/sd/gc0tjznd70x8zcqmlm5wdk6r0000gn/T/rust_mozprofileqAqS0K"
*** You are running in headless mode.
1586128546042	addons.webextension.doh-rollout@mozilla.org	WARN	Loading extension 'doh-rollout@mozilla.org': Reading manifest: Invalid extension permission: networkStatus
1586128546365	addons.webextension.screenshots@mozilla.org	WARN	Loading extension 'screenshots@mozilla.org': Reading manifest: Invalid extension permission: mozillaAddons
1586128546365	addons.webextension.screenshots@mozilla.org	WARN	Loading extension 'screenshots@mozilla.org': Reading manifest: Invalid extension permission: telemetry
1586128546366	addons.webextension.screenshots@mozilla.org	WARN	Loading extension 'screenshots@mozilla.org': Reading manifest: Invalid extension permission: resource://pdf.js/
1586128546366	addons.webextension.screenshots@mozilla.org	WARN	Loading extension 'screenshots@mozilla.org': Reading manifest: Invalid extension permission: about:reader*
1586128548469	Marionette	INFO	Listening on port 52013
1586128548509	Marionette	WARN	TLS certificate errors will be ignored for this session
1586128572935	mozrunner::runner	INFO	Running command: "/Applications/Firefox.app/Contents/MacOS/firefox-bin" "-marionette" "-foreground" "-no-remote" "-profile" "/var/folders/sd/gc0tjznd70x8zcqmlm5wdk6r0000gn/T/rust_mozprofilessL7Id"
1586128573573	addons.webextension.doh-rollout@mozilla.org	WARN	Loading extension 'doh-rollout@mozilla.org': Reading manifest: Invalid extension permission: networkStatus
1586128573875	addons.webextension.screenshots@mozilla.org	WARN	Loading extension 'screenshots@mozilla.org': Reading manifest: Invalid extension permission: mozillaAddons
1586128573876	addons.webextension.screenshots@mozilla.org	WARN	Loading extension 'screenshots@mozilla.org': Reading manifest: Invalid extension permission: telemetry
1586128573876	addons.webextension.screenshots@mozilla.org	WARN	Loading extension 'screenshots@mozilla.org': Reading manifest: Invalid extension permission: resource://pdf.js/
1586128573876	addons.webextension.screenshots@mozilla.org	WARN	Loading extension 'screenshots@mozilla.org': Reading manifest: Invalid extension permission: about:reader*
1586128575529	Marionette	INFO	Listening on port 52100
1586128575610	Marionette	WARN	TLS certificate errors will be ignored for this session
1586131616991	Marionette	INFO	Stopped listening on port 52100
1586213778969	mozrunner::runner	INFO	Running command: "/Applications/Firefox.app/Contents/MacOS/firefox-bin" "-marionette" "-foreground" "-no-remote" "-profile" "/var/folders/sd/gc0tjznd70x8zcqmlm5wdk6r0000gn/T/rust_mozprofileJQirVu"
1586213779757	addons.webextension.doh-rollout@mozilla.org	WARN	Loading extension 'doh-rollout@mozilla.org': Reading manifest: Invalid extension permission: networkStatus
1586213780072	addons.webextension.screenshots@mozilla.org	WARN	Loading extension 'screenshots@mozilla.org': Reading manifest: Invalid extension permission: mozillaAddons
1586213780072	addons.webextension.screenshots@mozilla.org	WARN	Loading extension 'screenshots@mozilla.org': Reading manifest: Invalid extension permission: telemetry
1586213780072	addons.webextension.screenshots@mozilla.org	WARN	Loading extension 'screenshots@mozilla.org': Reading manifest: Invalid extension permission: resource://pdf.js/
1586213780072	addons.webextension.screenshots@mozilla.org	WARN	Loading extension 'screenshots@mozilla.org': Reading manifest: Invalid extension permission: about:reader*
1586213781766	Marionette	INFO	Listening on port 53562
1586213781851	Marionette	WARN	TLS certificate errors will be ignored for this session
JavaScript warning: https://confiant-integrations.global.ssl.fastly.net/gpt_v3l/202004031830/wrap.js, line 8: unreachable code after return statement
JavaScript warning: https://confiant-integrations.global.ssl.fastly.net/gpt_v3l/202004031830/wrap.js, line 8: unreachable code after return statement
JavaScript warning: https://confiant-integrations.global.ssl.fastly.net/gpt_v3l/202004031830/wrap.js, line 8: unreachable code after return statement
JavaScript warning: https://confiant-integrations.global.ssl.fastly.net/gpt_v3l/202004031830/wrap.js, line 8: unreachable code after return statement
JavaScript warning: https://confiant-integrations.global.ssl.fastly.net/gpt_v3l/202004031830/wrap.js, line 8: unreachable code after return statement
JavaScript warning: https://confiant-integrations.global.ssl.fastly.net/gpt_v3l/202004031830/wrap.js, line 8: unreachable code after return statement
JavaScript warning: https://confiant-integrations.global.ssl.fastly.net/gpt_v3l/202004031830/wrap.js, line 8: unreachable code after return statement
JavaScript warning: https://confiant-integrations.global.ssl.fastly.net/gpt_v3l/202004031830/wrap.js, line 8: unreachable code after return statement
JavaScript error: https://news.google.com/swg/js/v1/swg.js, line 168: Error: No config could be discovered in the page
1586214072903	mozrunner::runner	INFO	Running command: "/Applications/Firefox.app/Contents/MacOS/firefox-bin" "-marionette" "-foreground" "-no-remote" "-profile" "/var/folders/sd/gc0tjznd70x8zcqmlm5wdk6r0000gn/T/rust_mozprofileoN6cLj"
1586214073410	addons.webextension.doh-rollout@mozilla.org	WARN	Loading extension 'doh-rollout@mozilla.org': Reading manifest: Invalid extension permission: networkStatus
1586214073713	addons.webextension.screenshots@mozilla.org	WARN	Loading extension 'screenshots@mozilla.org': Reading manifest: Invalid extension permission: mozillaAddons
1586214073713	addons.webextension.screenshots@mozilla.org	WARN	Loading extension 'screenshots@mozilla.org': Reading manifest: Invalid extension permission: telemetry
1586214073713	addons.webextension.screenshots@mozilla.org	WARN	Loading extension 'screenshots@mozilla.org': Reading manifest: Invalid extension permission: resource://pdf.js/
1586214073713	addons.webextension.screenshots@mozilla.org	WARN	Loading extension 'screenshots@mozilla.org': Reading manifest: Invalid extension permission: about:reader*
1586214075393	Marionette	INFO	Listening on port 53765
1586214075489	Marionette	WARN	TLS certificate errors will be ignored for this session
JavaScript error: https://www.gannett-cdn.com/uxstatic/freep/uscp-web-static-4525.23.0/jsb/main.min.js, line 1: NS_ERROR_NOT_INITIALIZED: 
1586214197585	mozrunner::runner	INFO	Running command: "/Applications/Firefox.app/Contents/MacOS/firefox-bin" "-marionette" "-foreground" "-no-remote" "-profile" "/var/folders/sd/gc0tjznd70x8zcqmlm5wdk6r0000gn/T/rust_mozprofileZf4v0N"
1586214198031	addons.webextension.doh-rollout@mozilla.org	WARN	Loading extension 'doh-rollout@mozilla.org': Reading manifest: Invalid extension permission: networkStatus
1586214198340	addons.webextension.screenshots@mozilla.org	WARN	Loading extension 'screenshots@mozilla.org': Reading manifest: Invalid extension permission: mozillaAddons
1586214198341	addons.webextension.screenshots@mozilla.org	WARN	Loading extension 'screenshots@mozilla.org': Reading manifest: Invalid extension permission: telemetry
1586214198341	addons.webextension.screenshots@mozilla.org	WARN	Loading extension 'screenshots@mozilla.org': Reading manifest: Invalid extension permission: resource://pdf.js/
1586214198341	addons.webextension.screenshots@mozilla.org	WARN	Loading extension 'screenshots@mozilla.org': Reading manifest: Invalid extension permission: about:reader*
1586214199933	Marionette	INFO	Listening on port 53893
1586214199992	Marionette	WARN	TLS certificate errors will be ignored for this session
JavaScript warning: https://confiant-integrations.global.ssl.fastly.net/gpt_v3l/202004031830/wrap.js, line 8: unreachable code after return statement
JavaScript warning: https://confiant-integrations.global.ssl.fastly.net/gpt_v3l/202004031830/wrap.js, line 8: unreachable code after return statement
JavaScript warning: https://confiant-integrations.global.ssl.fastly.net/gpt_v3l/202004031830/wrap.js, line 8: unreachable code after return statement
JavaScript warning: https://confiant-integrations.global.ssl.fastly.net/gpt_v3l/202004031830/wrap.js, line 8: unreachable code after return statement
JavaScript warning: https://confiant-integrations.global.ssl.fastly.net/gpt_v3l/202004031830/wrap.js, line 8: unreachable code after return statement
JavaScript warning: https://confiant-integrations.global.ssl.fastly.net/gpt_v3l/202004031830/wrap.js, line 8: unreachable code after return statement
JavaScript warning: https://confiant-integrations.global.ssl.fastly.net/gpt_v3l/202004031830/wrap.js, line 8: unreachable code after return statement
JavaScript warning: https://confiant-integrations.global.ssl.fastly.net/gpt_v3l/202004031830/wrap.js, line 8: unreachable code after return statement
JavaScript error: https://news.google.com/swg/js/v1/swg.js, line 168: Error: No config could be discovered in the page
JavaScript warning: https://confiant-integrations.global.ssl.fastly.net/gpt_v3l/202004031830/wrap.js, line 8: unreachable code after return statement
JavaScript warning: https://confiant-integrations.global.ssl.fastly.net/gpt_v3l/202004031830/wrap.js, line 8: unreachable code after return statement
JavaScript warning: https://confiant-integrations.global.ssl.fastly.net/gpt_v3l/202004031830/wrap.js, line 8: unreachable code after return statement
JavaScript warning: https://confiant-integrations.global.ssl.fastly.net/gpt_v3l/202004031830/wrap.js, line 8: unreachable code after return statement
[GFX1-]: Receive IPC close with reason=AbnormalShutdown
[GFX1-]: Receive IPC close with reason=AbnormalShutdown
Exiting due to channel error.
Exiting due to channel error.
1586214244252	Marionette	INFO	Stopped listening on port 53765
1586214251838	mozrunner::runner	INFO	Running command: "/Applications/Firefox.app/Contents/MacOS/firefox-bin" "-marionette" "-foreground" "-no-remote" "-profile" "/var/folders/sd/gc0tjznd70x8zcqmlm5wdk6r0000gn/T/rust_mozprofilewolC7q"
1586214252294	addons.webextension.doh-rollout@mozilla.org	WARN	Loading extension 'doh-rollout@mozilla.org': Reading manifest: Invalid extension permission: networkStatus
1586214252593	addons.webextension.screenshots@mozilla.org	WARN	Loading extension 'screenshots@mozilla.org': Reading manifest: Invalid extension permission: mozillaAddons
1586214252593	addons.webextension.screenshots@mozilla.org	WARN	Loading extension 'screenshots@mozilla.org': Reading manifest: Invalid extension permission: telemetry
1586214252593	addons.webextension.screenshots@mozilla.org	WARN	Loading extension 'screenshots@mozilla.org': Reading manifest: Invalid extension permission: resource://pdf.js/
1586214252593	addons.webextension.screenshots@mozilla.org	WARN	Loading extension 'screenshots@mozilla.org': Reading manifest: Invalid extension permission: about:reader*
1586214254760	Marionette	INFO	Listening on port 54314
1586214254825	Marionette	WARN	TLS certificate errors will be ignored for this session
JavaScript warning: https://confiant-integrations.global.ssl.fastly.net/gpt_v3l/202004031830/wrap.js, line 8: unreachable code after return statement
JavaScript warning: https://confiant-integrations.global.ssl.fastly.net/gpt_v3l/202004031830/wrap.js, line 8: unreachable code after return statement
JavaScript warning: https://confiant-integrations.global.ssl.fastly.net/gpt_v3l/202004031830/wrap.js, line 8: unreachable code after return statement
JavaScript warning: https://confiant-integrations.global.ssl.fastly.net/gpt_v3l/202004031830/wrap.js, line 8: unreachable code after return statement
JavaScript warning: https://confiant-integrations.global.ssl.fastly.net/gpt_v3l/202004031830/wrap.js, line 8: unreachable code after return statement
JavaScript warning: https://confiant-integrations.global.ssl.fastly.net/gpt_v3l/202004031830/wrap.js, line 8: unreachable code after return statement
JavaScript warning: https://confiant-integrations.global.ssl.fastly.net/gpt_v3l/202004031830/wrap.js, line 8: unreachable code after return statement
JavaScript warning: https://confiant-integrations.global.ssl.fastly.net/gpt_v3l/202004031830/wrap.js, line 8: unreachable code after return statement
JavaScript error: https://news.google.com/swg/js/v1/swg.js, line 168: Error: No config could be discovered in the page
JavaScript warning: https://confiant-integrations.global.ssl.fastly.net/gpt_v3l/202004031830/wrap.js, line 8: unreachable code after return statement
JavaScript warning: https://confiant-integrations.global.ssl.fastly.net/gpt_v3l/202004031830/wrap.js, line 8: unreachable code after return statement
JavaScript warning: https://confiant-integrations.global.ssl.fastly.net/gpt_v3l/202004031830/wrap.js, line 8: unreachable code after return statement
JavaScript warning: https://confiant-integrations.global.ssl.fastly.net/gpt_v3l/202004031830/wrap.js, line 8: unreachable code after return statement
JavaScript error: https://eus.rubiconproject.com/usync.html, line 12: SecurityError: The operation is insecure.
JavaScript warning: https://confiant-integrations.global.ssl.fastly.net/gpt_v3l/202004031830/wrap.js, line 8: unreachable code after return statement
JavaScript warning: https://confiant-integrations.global.ssl.fastly.net/gpt_v3l/202004031830/wrap.js, line 8: unreachable code after return statement
JavaScript warning: https://confiant-integrations.global.ssl.fastly.net/gpt_v3l/202004031830/wrap.js, line 8: unreachable code after return statement
JavaScript warning: https://confiant-integrations.global.ssl.fastly.net/gpt_v3l/202004031830/wrap.js, line 8: unreachable code after return statement
JavaScript warning: https://confiant-integrations.global.ssl.fastly.net/gpt_v3l/202004031830/wrap.js, line 8: unreachable code after return statement
JavaScript warning: https://confiant-integrations.global.ssl.fastly.net/gpt_v3l/202004031830/wrap.js, line 8: unreachable code after return statement
JavaScript warning: https://confiant-integrations.global.ssl.fastly.net/gpt_v3l/202004031830/wrap.js, line 8: unreachable code after return statement
JavaScript warning: https://confiant-integrations.global.ssl.fastly.net/gpt_v3l/202004031830/wrap.js, line 8: unreachable code after return statement
JavaScript error: https://news.google.com/swg/js/v1/swg.js, line 168: Error: No config could be discovered in the page
JavaScript warning: https://confiant-integrations.global.ssl.fastly.net/gpt_v3l/202004031830/wrap.js, line 8: unreachable code after return statement
JavaScript warning: https://confiant-integrations.global.ssl.fastly.net/gpt_v3l/202004031830/wrap.js, line 8: unreachable code after return statement
JavaScript warning: https://confiant-integrations.global.ssl.fastly.net/gpt_v3l/202004031830/wrap.js, line 8: unreachable code after return statement
JavaScript warning: https://confiant-integrations.global.ssl.fastly.net/gpt_v3l/202004031830/wrap.js, line 8: unreachable code after return statement

###!!! [Child][RunMessage] Error: Channel closing: too late to send/recv, messages will be lost


###!!! [Child][RunMessage] Error: Channel closing: too late to send/recv, messages will be lost


###!!! [Child][RunMessage] Error: Channel closing: too late to send/recv, messages will be lost


###!!! [Child][RunMessage] Error: Channel closing: too late to send/recv, messages will be lost

1586229724003	Marionette	INFO	Stopped listening on port 53562
1586229728063	Marionette	INFO	Stopped listening on port 54314
JavaScript error: , line 0: uncaught exception: Object
